C:\Users\Nico\Documents\Thomas more\Digi-sketch\programma\project.xsf 
C:\Users\Nico\Documents\Thomas more\Digi-sketch\programma\project.inc 
       1       1   00000                  ;------------------------------------------------------------------
       2       2   00000                  ;Lijst van functies:
       3       3   00000                  ;   -statusCheck            Status check van scherm opslaan in STA register
       4       4   00000                  ;   -initGLCD               Initializatie van grafisch LCD scherm
       5       5   00000                  ;   -P1out                  Initializatie poort 1 als output
       6       6   00000                  ;   -P3in                   Initializatie poort 3 als output
       7       7   00000                  ;   -P3out                  Initializatie poort 3 als input
       8       8   00000                  ;   -zendData               Data verzeden naar scherm
       9       9   00000                  ;   -zenComando             Comando verzeden naar scherm
      10      10   00000                  ;   -debug                  debug info op seriele poot zetten
      11      11   00000                  ;------------------------------------------------------------------
      12      12   00000                  ;------------------------------------------------------------------
      13      13   00000                  ;declaratie van pinnen
      14      14   00000                  ;------------------------------------------------------------------
      15      15   00000                      WR          bit     p3_data.0   ;write line van scherm actief laag
                                          ***** Error: Unresolved operand(s)
      16      16   00000                      RD          bit     p3_data.1   ;read line van scherrm actief laag
                                          ***** Error: Unresolved operand(s)
      17      17   00000                      CE          bit     p3_data.2   ;chip enble van scherm actief laag
                                          ***** Error: Unresolved operand(s)
      18      18   00000                      CD          bit     p3_data.3   ;Command write
                                          ***** Error: Unresolved operand(s)
      19      19   00000                      RESET       bit     p1_data.1   ;reset van scherm actief laag
                                          ***** Error: Unresolved operand(s)
      20      20   00000                      FS          bit     p1_data.0   ;font groote selecteren FS=1: 6*8, FS=0: 8*8
                                          ***** Error: Unresolved operand(s)
      21      21   00000                  
      22      22   00000                  
      23      23   00000                  
      24      24   00000                  ;------------------------------------------------------------------
      25      25   00000                  ;declaratie van registers
      26      26   00000                  ;------------------------------------------------------------------
      27      27   00000                      STA         equ     10h         ;geheugenplaats 10h gelijk stellen aan STA
      28      28   00000                      DATAREG     equ     11h         ;geheugenplaats voor het verzenden van data naar het scherm
      29      29   00000                      COMANDREG   equ     12h         ;geheugenplaats voor het verzenden van comandos naar het scherm
      30      30   00000                  
      31      31   00000                  
      32      32   00000                  ;------------------------------------------------------------------
      33      33   00000                  ;Status check van scherm opslaan in STA register
      34      34   00000                  ;-STA
      35      35   00000                  ;------------------------------------------------------------------
      36      36   00000                  statusCheck:
      37      37   00000 C000                 push    acc
                                          ***** Error: Unresolved operand(s)
      38      38   00002 C000                 push    psw
                                          ***** Error: Unresolved operand(s)
      39      39   00004 1200CD               lcall   P5in                        ;poort 4 als input schakelen
      40      40   00007 1200A9               lcall   P3out
      41      41   0000A                  STAOPNIEUW:
      42      42   0000A 750000               mov     p3_data,#00h
                                          ***** Error: Unresolved operand(s)
      43      43   0000D 751000               mov     STA,#00h                    ;STA register leeg maken
      44      44   00010 75000E               mov     p3_data,#00001110b
                                          ***** Error: Unresolved operand(s)
      45      45   00013 120000               lcall   delay1ms
                                          ***** Error: Unresolved operand(s)
      46      46   00016 E500                 mov     a,p5_data                   ;status word inlezen
                                          ***** Error: Unresolved operand(s)
      47      47   00018 5403                 anl     a,#00000011b                ;masker voor STA0 en STA1
      48      48   0001A                  ;    mov     r0,a                        ;debug status op aurt zetten
      49      49   0001A                  ;    lcall   debug
      50      50   0001A B403ED               cjne    a,#00000011b,STAOPNIEUW      ;vergelijken
      51      51   0001D F510                 mov     STA,a                       ;data opslaan in STA voor eventuel gebruik later
      52      52   0001F F8                   mov     r0,a                        ;debug status op aurt zetten
      53      53   00020 12011B               lcall   debug
      54      54   00023 750000               mov     p3_data,#00h
                                          ***** Error: Unresolved operand(s)
      55      55   00026 D000                 pop     psw
                                          ***** Error: Unresolved operand(s)
      56      56   00028 D000                 pop     acc
                                          ***** Error: Unresolved operand(s)
      57      57   0002A 22               ret
      58      58   0002B                  
      59      59   0002B                  ;------------------------------------------------------------------
      60      60   0002B                  ;Initializatie van grafisch LCD scherm
      61      61   0002B                  ;-Poort 1
      62      62   0002B                  ;------------------------------------------------------------------
      63      63   0002B                  initGLCD:
      64      64   0002B 12008E               lcall   P1out                   ;poort 1 initializeren
      65      65   0002E C200                 clr     RESET                   ;reseten van scherm
                                          ***** Error: Unresolved operand(s)
      66      66   00030 7420                 mov     a,#20h                   ;reset lang genenoeg laten duren
      67      67   00032 120000               lcall   delaya0k05s
                                          ***** Error: Unresolved operand(s)
      68      68   00035 D200                 setb    FS                      ;font op 6*8 zetten
                                          ***** Error: Unresolved operand(s)
      69      69   00037 D200                 setb    RESET                   ;reset terug af zetten
                                          ***** Error: Unresolved operand(s)
      70      70   00039                  
      71      71   00039                  
      72      72   00039 120000               lcall   initsio                 ;voor debug
                                          ***** Error: Unresolved operand(s)
      73      73   0003C                  
      74      74   0003C 120000               lcall   statusCheck             ;initiele status check uitvoeren
      75      75   0003F                  
      76      76   0003F 751280               mov     COMANDREG,#80h          ;mode instellen
      77      77   00042 1200FE               lcall   zendComando             ;mode instellen
      78      78   00045                  
      79      79   00045 751100               mov     DATAREG,#00h            ;grafisch home adres
      80      80   00048 1200DF               lcall   zendData
      81      81   0004B 751100               mov     DATAREG,#00h
      82      82   0004E 1200DF               lcall   zendData
      83      83   00051 751242               mov     COMANDREG,#42h
      84      84   00054 1200FE               lcall   zendComando
      85      85   00057                  
      86      86   00057 751128               mov     DATAREG,#28h            ;Grafic aeria set
      87      87   0005A 1200DF               lcall   zendData
      88      88   0005D 751100               mov     DATAREG,#00h
      89      89   00060 1200DF               lcall   zendData
      90      90   00063 751243               mov     COMANDREG,#43h
      91      91   00066 1200FE               lcall   zendComando
      92      92   00069                  
      93      93   00069                  
      94      94   00069 751100               mov     DATAREG,#00h            ;text home aderes
      95      95   0006C 1200DF               lcall   zendData
      96      96   0006F 751100               mov     DATAREG,#00h
      97      97   00072 1200DF               lcall   zendData
      98      98   00075 751240               mov     COMANDREG,#40h
      99      99   00078 1200FE               lcall   zendComando
     100     100   0007B                  
     101     101   0007B 751128               mov     DATAREG,#28h            ;aantal colommen text
     102     102   0007E 1200DF               lcall   zendData
     103     103   00081 751100               mov     DATAREG,#00h
     104     104   00084 1200DF               lcall   zendData
     105     105   00087 751241               mov     COMANDREG,#41h
     106     106   0008A 1200FE               lcall   zendComando
     107     107   0008D 22               ret
     108     108   0008E                  
     109     109   0008E                  
     110     110   0008E                  ;------------------------------------------------------------------
     111     111   0008E                  ;Initializatie poort 1 als output
     112     112   0008E                  ;-poort 1
     113     113   0008E                  ;------------------------------------------------------------------
     114     114   0008E                  P1out:
     115     115   0008E C000                 push    syscon0                 ;juiste map selecteren
                                          ***** Error: Unresolved operand(s)
     116     116   00090 750004               mov     syscon0,#004h
                                          ***** Error: Unresolved operand(s)
     117     117   00093 C000                 push    port_page               ;tijdelijk bewaren zodat we dat kunnen herstellen
                                          ***** Error: Unresolved operand(s)
     118     118   00095 750001               mov     port_page,#001h         ;selecteer poort page 0
                                          ***** Error: Unresolved operand(s)
     119     119   00098 7500FF               mov     p1_pudsel,#0ffh         ;selecteer pull_up device
                                          ***** Error: Unresolved operand(s)
     120     120   0009B 7500FF               mov     p1_puden,#0ffh          ;selectie inschakelen
                                          ***** Error: Unresolved operand(s)
     121     121   0009E 750000               mov     port_page,#000h         ;selecteer poort page 0
                                          ***** Error: Unresolved operand(s)
     122     122   000A1 7500FF               mov     p1_dir,#0ffh            ;poort 1 als output schakelen
                                          ***** Error: Unresolved operand(s)
     123     123   000A4 D000                 pop     port_page               ;herstellen in oorspronkelijke staat
                                          ***** Error: Unresolved operand(s)
     124     124   000A6 D000                 pop     syscon0                 ;pagina terug herstellen
                                          ***** Error: Unresolved operand(s)
     125     125   000A8 22               ret
     126     126   000A9                  
     127     127   000A9                  ;------------------------------------------------------------------
     128     128   000A9                  ;Initializatie poort 3 als output
     129     129   000A9                  ;-poort 3
     130     130   000A9                  ;------------------------------------------------------------------
     131     131   000A9                  P3out:
     132     132   000A9 C000                 push    syscon0                 ;juiste map selecteren
                                          ***** Error: Unresolved operand(s)
     133     133   000AB 750004               mov     syscon0,#004h
                                          ***** Error: Unresolved operand(s)
     134     134   000AE C000                 push    port_page               ;tijdelijk bewaren zodat we dat kunnen herstellen
                                          ***** Error: Unresolved operand(s)
     135     135   000B0 750000               mov     port_page,#000h         ;selecteer poort page 0
                                          ***** Error: Unresolved operand(s)
     136     136   000B3 7500FF               mov     p3_dir,#0ffh            ;poort 3 als output schakelen
                                          ***** Error: Unresolved operand(s)
     137     137   000B6 D000                 pop     port_page               ;herstellen in oorspronkelijke staat
                                          ***** Error: Unresolved operand(s)
     138     138   000B8 D000                 pop     syscon0                 ;pagina terug herstellen
                                          ***** Error: Unresolved operand(s)
     139     139   000BA 22               ret
     140     140   000BB                  
     141     141   000BB                  ;------------------------------------------------------------------
     142     142   000BB                  ;Initializatie poort 5 als output
     143     143   000BB                  ;-poort 5
     144     144   000BB                  ;------------------------------------------------------------------
     145     145   000BB                  P5out:
     146     146   000BB C000                 push    syscon0                 ;juiste map selecteren
                                          ***** Error: Unresolved operand(s)
     147     147   000BD 750004               mov     syscon0,#004h
                                          ***** Error: Unresolved operand(s)
     148     148   000C0 C000                 push    port_page               ;tijdelijk bewaren zodat we dat kunnen herstellen
                                          ***** Error: Unresolved operand(s)
     149     149   000C2 750000               mov     port_page,#000h         ;selecteer poort page 0
                                          ***** Error: Unresolved operand(s)
     150     150   000C5 7500FF               mov     p5_dir,#0ffh            ;poort 5 als output schakelen
                                          ***** Error: Unresolved operand(s)
     151     151   000C8 D000                 pop     port_page               ;herstellen in oorspronkelijke staat
                                          ***** Error: Unresolved operand(s)
     152     152   000CA D000                 pop     syscon0                 ;pagina terug herstellen
                                          ***** Error: Unresolved operand(s)
     153     153   000CC 22               ret
     154     154   000CD                  
     155     155   000CD                  ;------------------------------------------------------------------
     156     156   000CD                  ;Initializatie poort 4 als input
     157     157   000CD                  ;-poort 4
     158     158   000CD                  ;------------------------------------------------------------------
     159     159   000CD                  P5in:
     160     160   000CD C000                 push    syscon0                 ;juiste map selecteren
                                          ***** Error: Unresolved operand(s)
     161     161   000CF 750004               mov     syscon0,#004h
                                          ***** Error: Unresolved operand(s)
     162     162   000D2 C000                 push    port_page               ;tijdelijk bewaren zodat we dat kunnen herstellen
                                          ***** Error: Unresolved operand(s)
     163     163   000D4 750000               mov     port_page,#000h         ;selecteer poort page 0
                                          ***** Error: Unresolved operand(s)
     164     164   000D7 750000               mov     p5_dir,#000h            ;poort 5 als input schakelen
                                          ***** Error: Unresolved operand(s)
     165     165   000DA D000                 pop     port_page               ;herstellen in oorspronkelijke staat
                                          ***** Error: Unresolved operand(s)
     166     166   000DC D000                 pop     syscon0                 ;pagina terug herstellen
                                          ***** Error: Unresolved operand(s)
     167     167   000DE 22               ret
     168     168   000DF                  ;------------------------------------------------------------------
     169     169   000DF                  ;Data verzeden naar scherm
     170     170   000DF                  ;-DATAREG
     171     171   000DF                  ;------------------------------------------------------------------
     172     172   000DF                  zendData:
     173     173   000DF C000                 push    acc
                                          ***** Error: Unresolved operand(s)
     174     174   000E1 C000                 push    psw
                                          ***** Error: Unresolved operand(s)
     175     175   000E3 1200BB               lcall   P5out                   ;poort 5 als output schakelen
     176     176   000E6 750009               mov     p3_data,#00001001b
                                          ***** Error: Unresolved operand(s)
     177     177   000E9 120000               lcall   delay1ms
                                          ***** Error: Unresolved operand(s)
     178     178   000EC C200                 clr     CE
                                          ***** Error: Unresolved operand(s)
     179     179   000EE 851100               mov     p5_data,DATAREG               ;data op de poort zetten
                                          ***** Error: Unresolved operand(s)
     180     180   000F1 A811                 mov     r0,DATAREG
     181     181   000F3 12011B               lcall   debug
     182     182   000F6 120000               lcall   statusCheck             ;status van scherm checken voor het zenden van data
     183     183   000F9 D000                 pop     psw
                                          ***** Error: Unresolved operand(s)
     184     184   000FB D000                 pop     acc
                                          ***** Error: Unresolved operand(s)
     185     185   000FD 22               ret
     186     186   000FE                  
     187     187   000FE                  ;------------------------------------------------------------------
     188     188   000FE                  ;Comando verzeden naar scherm
     189     189   000FE                  ;-COMANDREG
     190     190   000FE                  ;------------------------------------------------------------------
     191     191   000FE                  zendComando:
     192     192   000FE C000                 push    acc
                                          ***** Error: Unresolved operand(s)
     193     193   00100 C000                 push    psw
                                          ***** Error: Unresolved operand(s)
     194     194   00102 1200BB               lcall   P5out                   ;poort 5 als output schakelen
     195     195   00105 75000E               mov     p3_data,#00001110b
                                          ***** Error: Unresolved operand(s)
     196     196   00108 120000               lcall   delay1ms
                                          ***** Error: Unresolved operand(s)
     197     197   0010B 851200               mov     p5_data,COMANDREG       ;data op de poort zetten
                                          ***** Error: Unresolved operand(s)
     198     198   0010E A812                 mov     r0,COMANDREG
     199     199   00110 12011B               lcall   debug
     200     200   00113 120000               lcall   statusCheck             ;status van scherm checken voor het zenden van data
     201     201   00116 D000                 pop     psw
                                          ***** Error: Unresolved operand(s)
     202     202   00118 D000                 pop     acc
                                          ***** Error: Unresolved operand(s)
     203     203   0011A 22               ret
     204     204   0011B                  
     205     205   0011B                  ;------------------------------------------------------------------
     206     206   0011B                  ;debug info op seriele poort zetten
     207     207   0011B                  ;-r0
     208     208   0011B                  ;------------------------------------------------------------------
     209     209   0011B                  debug:
     210     210   0011B C000                 push    acc
                                          ***** Error: Unresolved operand(s)
     211     211   0011D C000                 push    psw
                                          ***** Error: Unresolved operand(s)
     212     212   0011F 740D                 mov     a,#0dh
     213     213   00121 120000               lcall   siooutchar
                                          ***** Error: Unresolved operand(s)
     214     214   00124 E8                   mov     a,r0
     215     215   00125 120000               lcall   siooutbyte
                                          ***** Error: Unresolved operand(s)
     216     216   00128 740A                 mov     a,#0ah
     217     217   0012A 120000               lcall   siooutchar
                                          ***** Error: Unresolved operand(s)
     218     218   0012D D000                 pop     psw
                                          ***** Error: Unresolved operand(s)
     219     219   0012F D000                 pop     acc
                                          ***** Error: Unresolved operand(s)
     220     220   00131 22               ret
     221     221   00132                  
     222     222   00132                  
     223     223   00132                  
     224     224   00132                  
     225     225   00132                  
     226     226   00132                  
     227     227   00132                  
     228     228   00132                  
     229     229   00132                  
     230     230   00132                  
     231     231   00132                  
     232     232   00132                  
     233     233   00132                  
     234     234   00132                  
     235     235   00132                  
     236     236   00132                  
     237     237   00132                  
     238     238   00132                  
     239     239   00132                  
     240     240   00132                  
                                          ***** Error: Missing END statement
