C:\Users\Nico\Documents\Thomas more\Digi-sketch\programma\tables.xsf 
       1       1   00000                  startscherm:
       2       2   00000 0000000000000000 db 000000b,000000b,000000b,000000b,000000b,000000b,000000b,000000b,000000b,000000b,000000b,000000b,000000b,000000b,000000b,000000b,000000b,000000b,000000b,000000b,000000b,000000b,000000b,000000b,000000b,000000b,000000b,000000b,000000b,000000b,000000b,000000b,000000b,000000b,000000b,000000b,000000b,000000b,000000b,000000b
                         0000000000000000
                         0000000000000000
                         0000000000000000
                         0000000000000000
       3       3   00028 0000000000000000 db 000000b,000000b,000000b,000000b,000000b,000000b,000000b,000000b,000000b,000000b,000000b,000000b,000000b,000000b,000000b,000000b,000000b,000000b,000000b,000000b,000000b,000000b,000000b,000000b,000000b,000000b,000000b,000000b,000000b,000000b,000000b,000000b,000000b,000000b,000000b,000000b,000000b,000000b,000000b,000000b
                         0000000000000000
                         0000000000000000
                         0000000000000000
                         0000000000000000
       4       4   00050 0000000000000000 db 000000b,000000b,000000b,000000b,000000b,000000b,000000b,000000b,000000b,000000b,000000b,000000b,000000b,000000b,000000b,000000b,000000b,000000b,000000b,000000b,000000b,000000b,000000b,000000b,000000b,000000b,000000b,000000b,000000b,000000b,000000b,000000b,000000b,000000b,000000b,000000b,000000b,000000b,000000b,000000b
                         0000000000000000
                         0000000000000000
                         0000000000000000
                         0000000000000000
       5       5   00078 0000000000000000 db 000000b,000000b,000000b,000000b,000000b,000000b,000000b,000000b,000000b,000000b,000000b,000000b,000000b,000000b,000000b,000000b,000000b,000000b,000000b,000000b,000000b,000000b,000000b,000000b,000000b,000000b,000000b,000000b,000000b,000000b,000000b,000000b,000000b,000000b,000000b,000000b,000000b,000000b,000000b,000000b
                         0000000000000000
                         0000000000000000
                         0000000000000000
                         0000000000000000
       6       6   000A0 0000000000000000 db 000000b,000000b,000000b,000000b,000000b,000000b,000000b,000000b,000000b,000000b,000000b,000000b,000000b,000000b,000000b,000000b,000000b,000000b,000000b,000000b,000000b,000000b,000000b,000000b,000000b,000000b,000000b,000000b,000000b,000000b,000000b,000000b,000000b,000000b,000000b,000000b,000000b,000000b,000000b,000000b
                         0000000000000000
                         0000000000000000
                         0000000000000000
                         0000000000000000
       7       7   000C8 0000000000000000 db 000000b,000000b,000000b,000000b,000000b,000000b,000000b,000000b,000000b,000000b,000000b,000000b,000000b,000000b,000000b,000000b,000000b,000000b,000000b,000000b,000000b,000000b,000000b,000000b,000000b,000000b,000000b,000000b,000000b,000000b,000000b,000000b,000000b,000000b,000000b,000000b,000000b,000000b,000000b,000000b
                         0000000000000000
                         0000000000000000
                         0000000000000000
                         0000000000000000
       8       8   000F0 0000000000000000 db 000000b,000000b,000000b,000000b,000000b,000000b,000000b,000000b,000000b,000000b,000000b,000000b,000000b,000000b,000000b,000000b,000000b,000000b,000000b,000000b,000000b,000000b,000000b,000000b,000000b,000000b,000000b,000000b,000000b,000000b,000000b,000000b,000000b,000000b,000000b,000000b,000000b,000000b,000000b,000000b
                         0000000000000000
                         0000000000000000
                         0000000000000000
                         0000000000000000
       9       9   00118 0000000000000000 db 000000b,000000b,000000b,000000b,000000b,000000b,000000b,000000b,000000b,000000b,000000b,000000b,000000b,000000b,000000b,000000b,000000b,000000b,000000b,000000b,000000b,000000b,000000b,000000b,000000b,000000b,000000b,000000b,000000b,000000b,000000b,000000b,000000b,000000b,000000b,000000b,000000b,000000b,000000b,000000b
                         0000000000000000
                         0000000000000000
                         0000000000000000
                         0000000000000000
      10      10   00140 0000000000000000 db 000000b,000000b,000000b,000000b,000000b,000000b,000000b,000000b,000000b,000000b,000000b,000000b,000000b,000000b,000000b,000000b,000000b,000000b,000000b,000000b,000000b,000000b,000000b,000000b,000000b,000000b,000000b,000000b,000000b,000000b,000000b,000000b,000000b,000000b,000000b,000000b,000000b,000000b,000000b,000000b
                         0000000000000000
                         0000000000000000
                         0000000000000000
                         0000000000000000
      11      11   00168 0000000000000000 db 000000b,000000b,000000b,000000b,000000b,000000b,000000b,000000b,000000b,000000b,000000b,000000b,000000b,000000b,000000b,000000b,000000b,000000b,000000b,000000b,000000b,000000b,000000b,000000b,000000b,000000b,000000b,000000b,000000b,000000b,000000b,000000b,000000b,000000b,000000b,000000b,000000b,000000b,000000b,000000b
                         0000000000000000
                         0000000000000000
                         0000000000000000
                         0000000000000000
      12      12   00190 0000000000000000 db 000000b,000000b,000000b,000000b,000000b,000000b,000000b,000000b,000000b,000000b,000000b,000000b,000000b,000000b,000000b,000000b,000000b,000000b,000000b,000000b,000000b,000000b,000000b,000000b,000000b,000000b,000000b,000000b,000000b,000000b,000000b,000000b,000000b,000000b,000000b,000000b,000000b,000000b,000000b,000000b
                         0000000000000000
                         0000000000000000
                         0000000000000000
                         0000000000000000
      13      13   001B8 0000000000000000 db 000000b,000000b,000000b,000000b,000000b,000000b,000000b,000000b,000000b,000000b,000000b,000000b,000000b,000000b,000000b,000000b,000000b,000000b,000000b,000000b,000000b,000000b,000000b,000000b,000000b,000000b,000000b,000000b,000000b,000000b,000000b,000000b,000000b,000000b,000000b,000000b,000000b,000000b,000000b,000000b
                         0000000000000000
                         0000000000000000
                         0000000000000000
                         0000000000000000
      14      14   001E0 0000000000000000 db 000000b,000000b,000000b,000000b,000000b,000000b,000000b,000000b,000000b,000000b,000000b,000000b,000000b,000000b,000000b,000000b,000000b,000000b,000000b,000000b,000000b,000000b,000000b,000000b,000000b,000000b,000000b,000000b,000000b,000000b,000000b,000000b,000000b,000000b,000000b,000000b,000000b,000000b,000000b,000000b
                         0000000000000000
                         0000000000000000
                         0000000000000000
                         0000000000000000
      15      15   00208 0000000000000000 db 000000b,000000b,000000b,000000b,000000b,000000b,000000b,000000b,000000b,000000b,000000b,000000b,000000b,000000b,000000b,000000b,000000b,000000b,000000b,000000b,000000b,000000b,000000b,000000b,000000b,000000b,000000b,000000b,000000b,000000b,000000b,000000b,000000b,000000b,000000b,000000b,000000b,000000b,000000b,000000b
                         0000000000000000
                         0000000000000000
                         0000000000000000
                         0000000000000000
      16      16   00230 0000000000000000 db 000000b,000000b,000000b,000000b,000000b,000000b,000000b,000000b,000000b,000000b,000000b,000000b,000000b,000000b,000000b,000000b,000000b,000000b,000000b,000000b,000000b,000000b,000000b,000000b,000000b,000000b,000000b,000000b,000000b,000000b,000000b,000000b,000000b,000000b,000000b,000000b,000000b,000000b,000000b,000000b
                         0000000000000000
                         0000000000000000
                         0000000000000000
                         0000000000000000
      17      17   00258 0000000000000000 db 000000b,000000b,000000b,000000b,000000b,000000b,000000b,000000b,000000b,000000b,000000b,000000b,000000b,000000b,000000b,000000b,000000b,000000b,000000b,000000b,000000b,000000b,000000b,000000b,000000b,000000b,000000b,000000b,000000b,000000b,000000b,000000b,000000b,000000b,000000b,000000b,000000b,000000b,000000b,000000b
                         0000000000000000
                         0000000000000000
                         0000000000000000
                         0000000000000000
      18      18   00280 0000000000000000 db 000000b,000000b,000000b,000000b,000000b,000000b,000000b,000000b,000000b,000000b,000000b,000000b,000000b,000000b,000000b,000000b,000000b,000000b,000000b,000000b,000000b,000000b,000000b,000000b,000000b,000000b,000000b,000000b,000000b,000000b,000000b,000000b,000000b,000000b,000000b,000000b,000000b,000000b,000000b,000000b
                         0000000000000000
                         0000000000000000
                         0000000000000000
                         0000000000000000
      19      19   002A8 0000000000000000 db 000000b,000000b,000000b,000000b,000000b,000000b,000000b,000000b,000000b,000000b,000000b,000000b,000000b,000000b,000000b,000000b,000000b,000000b,000000b,000000b,000000b,000000b,000000b,000000b,000000b,000000b,000000b,000000b,000000b,000000b,000000b,000000b,000000b,000000b,000000b,000000b,000000b,000000b,000000b,000000b
                         0000000000000000
                         0000000000000000
                         0000000000000000
                         0000000000000000
      20      20   002D0 0000000000000F3C db 000000b,000000b,000000b,000000b,000000b,000000b,001111b,111100b,000000b,000000b,000000b,000000b,011111b,110000b,000000b,000000b,000000b,000001b,110000b,000000b,000000b,000000b,000000b,000000b,000000b,000000b,000000b,000000b,000000b,000001b,000000b,000000b,000000b,000000b,000000b,000000b,000000b,000000b,000000b,000000b
                         000000001F300000
                         0001300000000000
                         0000000000010000
                         0000000000000000
      21      21   002F8 00073F3F00001F3C db 000000b,000111b,111111b,111111b,000000b,000000b,011111b,111100b,000000b,000000b,000000b,000000b,111111b,111000b,000000b,000000b,000000b,011111b,111110b,000000b,011111b,111100b,000000b,000000b,000000b,000000b,000000b,000000b,000000b,000111b,000000b,000000b,000000b,000000b,000111b,111111b,100000b,000000b,000000b,000000b
                         000000003F380000
                         001F3E001F3C0000
                         0000000000070000
                         0000073F20000000
      22      22   00320 00073F3938001F3E db 000000b,000111b,111111b,111001b,111000b,000000b,011111b,111110b,000000b,000000b,000000b,000000b,111111b,111000b,000000b,000000b,000001b,111110b,000011b,100000b,011111b,111100b,000000b,000000b,000000b,000000b,000000b,000000b,000000b,011111b,000000b,000000b,000000b,000000b,000011b,111111b,100000b,000000b,000000b,000000b
                         000000003F380000
                         013E03201F3C0000
                         00000000001F0000
                         0000033F20000000
      23      23   00348 00073F3006000F3C db 000000b,000111b,111111b,110000b,000110b,000000b,001111b,111100b,000000b,000000b,000000b,000000b,111111b,111000b,000000b,000000b,000011b,111110b,000000b,110000b,011111b,111100b,000000b,000000b,000000b,000000b,000000b,000000b,000011b,111111b,000000b,000000b,000000b,000000b,000011b,111111b,100000b,000000b,000000b,000000b
                         000000003F380000
                         033E00301F3C0000
                         00000000033F0000
                         0000033F20000000
      24      24   00370 00073F3003000730 db 000000b,000111b,111111b,110000b,000011b,000000b,000111b,110000b,000000b,000000b,000000b,110000b,001111b,100000b,000000b,000000b,000111b,111110b,000000b,000000b,011111b,111100b,000000b,000000b,000000b,000000b,000000b,000000b,000111b,111111b,000000b,000000b,000000b,000000b,000011b,111111b,100000b,000000b,000000b,000000b
                         000000300F200000
                         073E00001F3C0000
                         00000000073F0000
                         0000033F20000000
      25      25   00398 00073F3001200000 db 000000b,000111b,111111b,110000b,000001b,100000b,000000b,000000b,000000b,000000b,000001b,100000b,000000b,000000b,000000b,000000b,001111b,111111b,000000b,000000b,011111b,111100b,000000b,000000b,000000b,000000b,000000b,000000b,000111b,111111b,000000b,000000b,000000b,000000b,000011b,111111b,100000b,000000b,000000b,000000b
                         0000012000000000
                         0F3F00001F3C0000
                         00000000073F0000
                         0000033F20000000
      26      26   003C0 00073F3000301F3C db 000000b,000111b,111111b,110000b,000000b,110000b,011111b,111100b,000000b,011111b,111111b,000000b,111111b,111000b,000000b,000000b,001111b,111111b,100000b,000000b,011111b,111100b,000000b,001110b,000000b,000111b,111110b,000000b,111111b,111111b,111100b,000001b,111111b,110000b,000011b,111111b,100001b,111111b,100000b,000000b
                         001F3F003F380000
                         0F3F20001F3C000E
                         00073E003F3F3C01
                         3F30033F213F2000
      27      27   003E8 00073F3000101F3C db 000000b,000111b,111111b,110000b,000000b,010000b,011111b,111100b,000001b,111100b,011111b,000000b,111111b,111000b,000000b,000000b,001111b,111111b,110000b,000000b,011111b,111100b,000000b,111110b,000000b,001111b,000111b,100000b,000111b,111111b,000000b,000011b,111100b,001100b,000011b,111111b,100111b,111111b,110000b,000000b
                         013C1F003F380000
                         0F3F30001F3C003E
                         000F0720073F0003
                         3C0C033F273F3000
      28      28   00410 00073F3000081F3C db 000000b,000111b,111111b,110000b,000000b,001000b,011111b,111100b,000011b,111100b,011111b,100000b,111111b,111000b,000000b,000000b,001111b,111111b,111000b,000000b,011111b,111100b,000001b,100000b,000000b,111110b,000011b,110000b,000111b,111111b,000000b,001111b,111000b,000111b,000011b,111111b,111100b,111111b,111000b,000000b
                         033C1F203F380000
                         0F3F38001F3C0120
                         003E0330073F000F
                         3807033F3C3F3800
      29      29   00438 00073F3000081F3C db 000000b,000111b,111111b,110000b,000000b,001000b,011111b,111100b,000111b,111100b,011111b,110000b,111111b,111000b,000000b,000000b,001111b,111111b,111100b,000000b,011111b,111100b,000110b,000000b,000001b,111110b,000011b,111000b,000111b,111111b,000000b,001111b,111000b,000011b,000011b,111111b,110000b,111111b,111000b,000000b
                         073C1F303F380000
                         0F3F3C001F3C0600
                         013E0338073F000F
                         3803033F303F3800
      30      30   00460 00073F3000041F3C db 000000b,000111b,111111b,110000b,000000b,000100b,011111b,111100b,001111b,111100b,011111b,111000b,111111b,111000b,000000b,000000b,001111b,111111b,111100b,000000b,011111b,111100b,001110b,000000b,000001b,111110b,000011b,111100b,000111b,111111b,000000b,011111b,111000b,000001b,000011b,111111b,100000b,111111b,111100b,000000b
                         0F3C1F383F380000
                         0F3F3C001F3C0E00
                         013E033C073F001F
                         3801033F203F3C00
      31      31   00488 00073F3000041F3C db 000000b,000111b,111111b,110000b,000000b,000100b,011111b,111100b,001111b,111100b,011111b,111000b,111111b,111000b,000000b,000000b,000111b,111111b,111110b,000000b,011111b,111100b,011111b,000000b,000011b,111110b,000011b,111100b,000111b,111111b,000000b,111111b,111000b,000000b,000011b,111111b,100000b,011111b,111100b,000000b
                         0F3C1F383F380000
                         073F3E001F3C1F00
                         033E033C073F003F
                         3800033F201F3C00
      32      32   004B0 00073F3000041F3C db 000000b,000111b,111111b,110000b,000000b,000100b,011111b,111100b,001111b,111100b,011111b,111000b,111111b,111000b,000000b,000000b,000111b,111111b,111111b,000000b,011111b,111100b,111111b,000000b,000111b,111110b,000011b,111110b,000111b,111111b,000000b,111111b,111000b,000000b,000011b,111111b,100000b,011111b,111100b,000000b
                         0F3C1F383F380000
                         073F3F001F3C3F00
                         073E033E073F003F
                         3800033F201F3C00
      33      33   004D8 00073F3000041F3C db 000000b,000111b,111111b,110000b,000000b,000100b,011111b,111100b,001111b,111100b,011111b,111000b,111111b,111000b,000000b,000000b,000011b,111111b,111111b,100000b,011111b,111111b,111111b,100000b,000111b,111110b,000011b,111110b,000111b,111111b,000000b,111111b,111000b,000000b,000011b,111111b,100000b,011111b,111100b,000000b
                         0F3C1F383F380000
                         033F3F201F3F3F20
                         073E033E073F003F
                         3800033F201F3C00
      34      34   00500 00073F3000041F3C db 000000b,000111b,111111b,110000b,000000b,000100b,011111b,111100b,001111b,111100b,011111b,111000b,111111b,111000b,000000b,000000b,000001b,111111b,111111b,110000b,011111b,111111b,111111b,100000b,000111b,111110b,000011b,111110b,000111b,111111b,000001b,111111b,111000b,000000b,000011b,111111b,100000b,011111b,111100b,000000b
                         0F3C1F383F380000
                         013F3F301F3F3F20
                         073E033E073F013F
                         3800033F201F3C00
      35      35   00528 00073F3000041F3C db 000000b,000111b,111111b,110000b,000000b,000100b,011111b,111100b,001111b,111100b,011111b,110000b,111111b,111001b,111111b,111111b,000000b,111111b,111111b,110000b,011111b,111111b,111111b,110000b,000111b,111111b,001111b,111111b,000111b,111111b,000001b,111111b,111000b,000000b,000011b,111111b,100000b,011111b,111100b,000000b
                         0F3C1F303F393F3F
                         003F3F301F3F3F30
                         073F0F3F073F013F
                         3800033F201F3C00
      36      36   00550 00073F3000041F3C db 000000b,000111b,111111b,110000b,000000b,000100b,011111b,111100b,000111b,111100b,011111b,110000b,111111b,111000b,000000b,000000b,000000b,011111b,111111b,111000b,011111b,111101b,111111b,111000b,000111b,111111b,111111b,111110b,000111b,111111b,000001b,111111b,111000b,000000b,000011b,111111b,100000b,011111b,111100b,000000b
                         073C1F303F380000
                         001F3F381F3D3F38
                         073F3F3E073F013F
                         3800033F201F3C00
      37      37   00578 00073F30000C1F3C db 000000b,000111b,111111b,110000b,000000b,001100b,011111b,111100b,000011b,111100b,011111b,100000b,111111b,111000b,000000b,000000b,000000b,011111b,111111b,111000b,011111b,111101b,111111b,111000b,000111b,111110b,000000b,000000b,000111b,111111b,000001b,111111b,111000b,000000b,000011b,111111b,100000b,011111b,111100b,000000b
                         033C1F203F380000
                         001F3F381F3D3F38
                         073E0000073F013F
                         3800033F201F3C00
      38      38   005A0 00073F3000081F3C db 000000b,000111b,111111b,110000b,000000b,001000b,011111b,111100b,000011b,111100b,111110b,000000b,111111b,111000b,000000b,000000b,000000b,001111b,111111b,111000b,011111b,111100b,111111b,111100b,000111b,111110b,000000b,000000b,000111b,111111b,000000b,111111b,111000b,000000b,000011b,111111b,100000b,011111b,111100b,000000b
                         033C3E003F380000
                         000F3F381F3C3F3C
                         073E0000073F003F
                         3800033F201F3C00
      39      39   005C8 00073F3000181F3C db 000000b,000111b,111111b,110000b,000000b,011000b,011111b,111100b,000110b,001111b,111000b,000000b,111111b,111000b,000000b,000000b,000000b,000111b,111111b,111100b,011111b,111100b,011111b,111100b,000111b,111110b,000000b,000000b,000111b,111111b,000000b,111111b,111000b,000000b,000011b,111111b,100000b,011111b,111100b,000000b
                         060F38003F380000
                         00073F3C1F3C1F3C
                         073E0000073F003F
                         3800033F201F3C00
      40      40   005F0 00073F3000301F3C db 000000b,000111b,111111b,110000b,000000b,110000b,011111b,111100b,001110b,000000b,000000b,000000b,111111b,111000b,000000b,000000b,000000b,000011b,111111b,111000b,011111b,111100b,011111b,111110b,000011b,111110b,000000b,000110b,000111b,111111b,000010b,111111b,111000b,000000b,110011b,111111b,100000b,011111b,111100b,000000b
                         0E0000003F380000
                         00033F381F3C1F3E
                         033E0006073F023F
                         3800333F201F3C00
      41      41   00618 00073F3000201F3C db 000000b,000111b,111111b,110000b,000000b,100000b,011111b,111100b,001111b,111111b,111111b,000000b,111111b,111000b,000000b,000000b,000000b,000001b,111111b,111000b,011111b,111100b,001111b,111111b,000011b,111110b,000000b,001110b,000111b,111111b,000010b,011111b,111000b,000001b,100011b,111111b,100000b,111111b,111100b,000000b
                         0F3F3F003F380000
                         00013F381F3C0F3F
                         033E000E073F021F
                         3801233F203F3C00
      42      42   00640 00073F3003001F3C db 000000b,000111b,111111b,110000b,000011b,000000b,011111b,111100b,001111b,111111b,111111b,100000b,111111b,111000b,000000b,000000b,001000b,000000b,111111b,111000b,011111b,111100b,001111b,111111b,000001b,111110b,000000b,001100b,000111b,111111b,000110b,001111b,111000b,000011b,000011b,111111b,100000b,111111b,111100b,000000b
                         0F3F3F203F380000
                         08003F381F3C0F3F
                         013E000C073F060F
                         3803033F203F3C00
      43      43   00668 00073F3006001F3C db 000000b,000111b,111111b,110000b,000110b,000000b,011111b,111100b,001111b,111111b,111111b,100000b,111111b,111000b,000000b,000000b,001110b,000000b,111111b,110000b,011111b,111100b,000111b,111111b,100000b,111110b,000000b,111000b,000011b,111111b,101100b,001111b,111000b,000110b,000111b,111111b,100000b,111111b,111100b,000000b
                         0F3F3F203F380000
                         0E003F301F3C073F
                         203E0038033F2C0F
                         3806073F203F3C00
      44      44   00690 00073F3038001F3E db 000000b,000111b,111111b,110000b,111000b,000000b,011111b,111110b,000111b,111111b,111111b,100000b,111111b,111000b,000000b,000000b,000011b,100000b,111111b,100000b,011111b,111100b,000111b,111111b,110000b,011111b,000011b,100000b,000001b,111111b,111000b,000011b,111000b,011100b,000111b,111111b,100000b,111111b,111100b,000000b
                         073F3F203F380000
                         03203F201F3C073F
                         301F0320013F3803
                         381C073F203F3C00
      45      45   006B8 00073F3F20001F3E db 000000b,000111b,111111b,111111b,100000b,000000b,011111b,111110b,000011b,111111b,111111b,100000b,111111b,111000b,000000b,000000b,000000b,111111b,111110b,000000b,011111b,111100b,000011b,111111b,111000b,000111b,111110b,000000b,000000b,111111b,100000b,000001b,111111b,110000b,000111b,111111b,100000b,111111b,111100b,000000b
                         033F3F203F380000
                         003F3E001F3C033F
                         38073E00003F2001
                         3F30073F203F3C00
      46      46   006E0 0000000000000000 db 000000b,000000b,000000b,000000b,000000b,000000b,000000b,000000b,000000b,000000b,000111b,000000b,000000b,000000b,000000b,000000b,000000b,000111b,100000b,000000b,000000b,000000b,000000b,000000b,000000b,000000b,000000b,000000b,000000b,000000b,000000b,000000b,000000b,000000b,000000b,000000b,000000b,000000b,000000b,000000b
                         0000070000000000
                         0007200000000000
                         0000000000000000
                         0000000000000000
      47      47   00708 0000000000000000 db 000000b,000000b,000000b,000000b,000000b,000000b,000000b,000000b,000000b,000000b,000000b,000000b,000000b,000000b,000000b,000000b,000000b,000000b,000000b,000000b,000000b,000000b,000000b,000000b,000000b,000000b,000000b,000000b,000000b,000000b,000000b,000000b,000000b,000000b,000000b,000000b,000000b,000000b,000000b,000000b
                         0000000000000000
                         0000000000000000
                         0000000000000000
                         0000000000000000
      48      48   00730 0000000000000000 db 000000b,000000b,000000b,000000b,000000b,000000b,000000b,000000b,000000b,000000b,000000b,000000b,000000b,000000b,000000b,000000b,000000b,000000b,000000b,000000b,000000b,000000b,000000b,000000b,000000b,000000b,000000b,000000b,000000b,000000b,000000b,000000b,000000b,000000b,000000b,000000b,000000b,000000b,000000b,000000b
                         0000000000000000
                         0000000000000000
                         0000000000000000
                         0000000000000000
      49      49   00758 0000000000000000 db 000000b,000000b,000000b,000000b,000000b,000000b,000000b,000000b,000000b,000000b,000000b,000000b,000000b,000000b,000000b,000000b,000000b,000000b,000000b,000000b,000000b,000000b,000000b,000000b,000000b,000000b,000000b,000000b,000000b,000000b,000000b,000000b,000000b,000000b,000000b,000000b,000000b,000000b,000000b,000000b
                         0000000000000000
                         0000000000000000
                         0000000000000000
                         0000000000000000
      50      50   00780 0000000000000000 db 000000b,000000b,000000b,000000b,000000b,000000b,000000b,000000b,000000b,000000b,000000b,000000b,000000b,000000b,000000b,000000b,000000b,000000b,000000b,000000b,000000b,000000b,000000b,000000b,000000b,000000b,000000b,000000b,000000b,000000b,000000b,000000b,000000b,000000b,000000b,000000b,000000b,000000b,000000b,000000b
                         0000000000000000
                         0000000000000000
                         0000000000000000
                         0000000000000000
      51      51   007A8 0000000000000000 db 000000b,000000b,000000b,000000b,000000b,000000b,000000b,000000b,000000b,000000b,000000b,000000b,000000b,000000b,000000b,000000b,000000b,000000b,000000b,000000b,000000b,000000b,000000b,000000b,000000b,000000b,000000b,000000b,000000b,000000b,000000b,000000b,000000b,000000b,000000b,000000b,000000b,000000b,000000b,000000b
                         0000000000000000
                         0000000000000000
                         0000000000000000
                         0000000000000000
      52      52   007D0 0000000000000000 db 000000b,000000b,000000b,000000b,000000b,000000b,000000b,000000b,000000b,000000b,000000b,000000b,000000b,000000b,000000b,000000b,000000b,000000b,000000b,000000b,000000b,000000b,000000b,000000b,000000b,000000b,000000b,000000b,000000b,000000b,000000b,000000b,000000b,000000b,000000b,000000b,000000b,000000b,000000b,000000b
                         0000000000000000
                         0000000000000000
                         0000000000000000
                         0000000000000000
      53      53   007F8 0000000000000000 db 000000b,000000b,000000b,000000b,000000b,000000b,000000b,000000b,000000b,000000b,000000b,000000b,000000b,000000b,000000b,000000b,000000b,000000b,000000b,000000b,000000b,000000b,000000b,000000b,000000b,000000b,000000b,000000b,000000b,000000b,000000b,000000b,000000b,000000b,000000b,000000b,000000b,000000b,000000b,000000b
                         0000000000000000
                         0000000000000000
                         0000000000000000
                         0000000000000000
      54      54   00820 0000000000000000 db 000000b,000000b,000000b,000000b,000000b,000000b,000000b,000000b,000000b,000000b,000000b,000000b,000000b,000000b,000000b,000000b,000000b,000000b,000000b,000000b,000000b,000000b,000000b,000000b,000000b,000000b,000000b,000000b,000000b,000000b,000000b,000000b,000000b,000000b,000000b,000000b,000000b,000000b,000000b,000000b
                         0000000000000000
                         0000000000000000
                         0000000000000000
                         0000000000000000
      55      55   00848 0000000000000000 db 000000b,000000b,000000b,000000b,000000b,000000b,000000b,000000b,000000b,000000b,000000b,000000b,000000b,000000b,000000b,000000b,000000b,000000b,000000b,000000b,000000b,000000b,000000b,000000b,000000b,000000b,000000b,000000b,000000b,000000b,000000b,000000b,000000b,000000b,000000b,000000b,000000b,000000b,000000b,000000b
                         0000000000000000
                         0000000000000000
                         0000000000000000
                         0000000000000000
      56      56   00870 0000000000000000 db 000000b,000000b,000000b,000000b,000000b,000000b,000000b,000000b,000000b,000000b,000000b,000000b,000000b,000000b,000000b,000000b,000000b,000000b,000000b,000000b,000000b,000000b,000000b,000000b,000000b,000000b,000000b,000000b,000000b,000000b,000000b,000000b,000000b,000000b,000000b,000000b,000000b,000000b,000000b,000000b
                         0000000000000000
                         0000000000000000
                         0000000000000000
                         0000000000000000
      57      57   00898 0000000000000000 db 000000b,000000b,000000b,000000b,000000b,000000b,000000b,000000b,000000b,000000b,000000b,000000b,000000b,000000b,000000b,000000b,000000b,000000b,000000b,000000b,000000b,000000b,000000b,000000b,000000b,000000b,000000b,000000b,000000b,000000b,000000b,000000b,000000b,000000b,000000b,000000b,000000b,000000b,000000b,000000b
                         0000000000000000
                         0000000000000000
                         0000000000000000
                         0000000000000000
      58      58   008C0 0000000000000000 db 000000b,000000b,000000b,000000b,000000b,000000b,000000b,000000b,000000b,000000b,000000b,000000b,000000b,000000b,000000b,000000b,000000b,000000b,000000b,000000b,000000b,000000b,000000b,000000b,000000b,000000b,000000b,000000b,000000b,000000b,000000b,000000b,000000b,000000b,000000b,000000b,000000b,000000b,000000b,000000b
                         0000000000000000
                         0000000000000000
                         0000000000000000
                         0000000000000000
      59      59   008E8 0000000000000000 db 000000b,000000b,000000b,000000b,000000b,000000b,000000b,000000b,000000b,000000b,000000b,000000b,000000b,000000b,000000b,000000b,000000b,000000b,000000b,000000b,000000b,000000b,000000b,000000b,000000b,000000b,000000b,000000b,000000b,000000b,000000b,000000b,000000b,000000b,000000b,000000b,000000b,000000b,000000b,000000b
                         0000000000000000
                         0000000000000000
                         0000000000000000
                         0000000000000000
      60      60   00910 0000000000000000 db 000000b,000000b,000000b,000000b,000000b,000000b,000000b,000000b,000000b,000000b,000000b,000000b,000000b,000000b,000000b,000000b,000000b,000000b,000000b,000000b,000000b,000000b,000000b,000000b,000000b,000000b,000000b,000000b,000000b,000000b,000000b,000000b,000000b,000000b,000000b,000000b,000000b,000000b,000000b,000000b
                         0000000000000000
                         0000000000000000
                         0000000000000000
                         0000000000000000
      61      61   00938 0000000000000000 db 000000b,000000b,000000b,000000b,000000b,000000b,000000b,000000b,000000b,000000b,000000b,000000b,000000b,000000b,000000b,000000b,000000b,000000b,000000b,000000b,000000b,000000b,000000b,000000b,000000b,000000b,000000b,000000b,000000b,000000b,000000b,000000b,000000b,000000b,000000b,000000b,000000b,000000b,000000b,000000b
                         0000000000000000
                         0000000000000000
                         0000000000000000
                         0000000000000000
      62      62   00960 0000000000000000 db 000000b,000000b,000000b,000000b,000000b,000000b,000000b,000000b,000000b,000000b,000000b,000000b,000000b,000000b,000000b,000000b,000000b,000000b,000000b,000000b,000000b,000000b,000000b,000000b,000000b,000000b,000000b,000000b,000000b,000000b,000000b,000000b,000000b,000000b,000000b,000000b,000000b,000000b,000000b,000000b
                         0000000000000000
                         0000000000000000
                         0000000000000000
                         0000000000000000
      63      63   00988 0000000000000000 db 000000b,000000b,000000b,000000b,000000b,000000b,000000b,000000b,000000b,000000b,000000b,000000b,000000b,000000b,000000b,000000b,000000b,000000b,000000b,000000b,000000b,000000b,000000b,000000b,000000b,000000b,000000b,000000b,000000b,000000b,000000b,000000b,000000b,000000b,000000b,000000b,000000b,000000b,000000b,000000b
                         0000000000000000
                         0000000000000000
                         0000000000000000
                         0000000000000000
      64      64   009B0 0000000000000000 db 000000b,000000b,000000b,000000b,000000b,000000b,000000b,000000b,000000b,000000b,000000b,000000b,000000b,000000b,000000b,000000b,000000b,000000b,000000b,000000b,000000b,000000b,000000b,000000b,000000b,000000b,000000b,000000b,000000b,000000b,000000b,000000b,000000b,000000b,000000b,000000b,000000b,000000b,000000b,000000b
                         0000000000000000
                         0000000000000000
                         0000000000000000
                         0000000000000000
      65      65   009D8 0000000000000000 db 000000b,000000b,000000b,000000b,000000b,000000b,000000b,000000b,000000b,000000b,000000b,000000b,000000b,000000b,000000b,000000b,000000b,000000b,000000b,000000b,000000b,000000b,000000b,000000b,000000b,000000b,000000b,000000b,000000b,000000b,000000b,000000b,000000b,000000b,000000b,000000b,000000b,000000b,000000b,000000b,10101010b
                         0000000000000000
                         0000000000000000
                         0000000000000000
                         0000000000000000
                         AA
